<?xml version="1.0" encoding="UTF-8"?>
<testng-results skipped="0" failed="1" ignored="0" total="2" passed="1">
  <reporter-output>
  </reporter-output>
  <suite name="Default suite" duration-ms="16626" started-at="2020-07-14T01:34:53 EDT" finished-at="2020-07-14T01:35:10 EDT">
    <groups>
    </groups>
    <test name="Default test" duration-ms="16626" started-at="2020-07-14T01:34:53 EDT" finished-at="2020-07-14T01:35:10 EDT">
      <class name="testing.TestCase3">
        <test-method status="PASS" signature="launchBrowser()[pri:0, instance:testing.TestCase3@61f8bee4]" name="launchBrowser" is-config="true" duration-ms="6321" started-at="2020-07-14T01:34:53 EDT" finished-at="2020-07-14T01:34:59 EDT">
          <reporter-output>
          </reporter-output>
        </test-method> <!-- launchBrowser -->
        <test-method status="PASS" signature="verifyGmailpage()[pri:1, instance:testing.TestCase3@61f8bee4]" name="verifyGmailpage" duration-ms="2249" started-at="2020-07-14T01:34:59 EDT" finished-at="2020-07-14T01:35:02 EDT">
          <reporter-output>
          </reporter-output>
        </test-method> <!-- verifyGmailpage -->
        <test-method status="FAIL" signature="verifyYahoopage()[pri:2, instance:testing.TestCase3@61f8bee4]" name="verifyYahoopage" duration-ms="1366" started-at="2020-07-14T01:35:02 EDT" finished-at="2020-07-14T01:35:03 EDT">
          <exception class="java.lang.AssertionError">
            <message>
              <![CDATA[expected [Yahoo is now a part of Verizon Media] but found [Yahoo]]]>
            </message>
            <full-stacktrace>
              <![CDATA[java.lang.AssertionError: expected [Yahoo is now a part of Verizon Media] but found [Yahoo]
at org.testng.Assert.fail(Assert.java:97)
at org.testng.Assert.assertEqualsImpl(Assert.java:136)
at org.testng.Assert.assertEquals(Assert.java:118)
at org.testng.Assert.assertEquals(Assert.java:575)
at org.testng.Assert.assertEquals(Assert.java:585)
at testing.TestCase3.verifyYahoopage(TestCase3.java:37)
at sun.reflect.NativeMethodAccessorImpl.invoke0(Native Method)
at sun.reflect.NativeMethodAccessorImpl.invoke(NativeMethodAccessorImpl.java:62)
at sun.reflect.DelegatingMethodAccessorImpl.invoke(DelegatingMethodAccessorImpl.java:43)
at java.lang.reflect.Method.invoke(Method.java:498)
at org.testng.internal.MethodInvocationHelper.invokeMethod(MethodInvocationHelper.java:135)
at org.testng.internal.TestInvoker.invokeMethod(TestInvoker.java:598)
at org.testng.internal.TestInvoker.invokeTestMethod(TestInvoker.java:174)
at org.testng.internal.MethodRunner.runInSequence(MethodRunner.java:46)
at org.testng.internal.TestInvoker$MethodInvocationAgent.invoke(TestInvoker.java:821)
at org.testng.internal.TestInvoker.invokeTestMethods(TestInvoker.java:147)
at org.testng.internal.TestMethodWorker.invokeTestMethods(TestMethodWorker.java:146)
at org.testng.internal.TestMethodWorker.run(TestMethodWorker.java:128)
at java.util.ArrayList.forEach(ArrayList.java:1257)
at org.testng.TestRunner.privateRun(TestRunner.java:767)
at org.testng.TestRunner.run(TestRunner.java:588)
at org.testng.SuiteRunner.runTest(SuiteRunner.java:384)
at org.testng.SuiteRunner.runSequentially(SuiteRunner.java:378)
at org.testng.SuiteRunner.privateRun(SuiteRunner.java:337)
at org.testng.SuiteRunner.run(SuiteRunner.java:286)
at org.testng.SuiteRunnerWorker.runSuite(SuiteRunnerWorker.java:53)
at org.testng.SuiteRunnerWorker.run(SuiteRunnerWorker.java:96)
at org.testng.TestNG.runSuitesSequentially(TestNG.java:1214)
at org.testng.TestNG.runSuitesLocally(TestNG.java:1136)
at org.testng.TestNG.runSuites(TestNG.java:1066)
at org.testng.TestNG.run(TestNG.java:1034)
at org.testng.remote.AbstractRemoteTestNG.run(AbstractRemoteTestNG.java:115)
at org.testng.remote.RemoteTestNG.initAndRun(RemoteTestNG.java:251)
at org.testng.remote.RemoteTestNG.main(RemoteTestNG.java:77)
]]>
            </full-stacktrace>
          </exception> <!-- java.lang.AssertionError -->
          <reporter-output>
          </reporter-output>
        </test-method> <!-- verifyYahoopage -->
        <test-method status="PASS" signature="closeBrowser()[pri:0, instance:testing.TestCase3@61f8bee4]" name="closeBrowser" is-config="true" duration-ms="6652" started-at="2020-07-14T01:35:03 EDT" finished-at="2020-07-14T01:35:10 EDT">
          <reporter-output>
          </reporter-output>
        </test-method> <!-- closeBrowser -->
      </class> <!-- testing.TestCase3 -->
    </test> <!-- Default test -->
  </suite> <!-- Default suite -->
</testng-results>
